<?xml version="1.0" encoding="UTF-8"?>
<testng-results ignored="0" total="2" passed="2" failed="0" skipped="0">
  <reporter-output>
  </reporter-output>
  <suite started-at="2022-03-10T16:49:01 EST" name="Suite" finished-at="2022-03-10T16:49:56 EST" duration-ms="55468">
    <groups>
    </groups>
    <test started-at="2022-03-10T16:49:01 EST" name="Test" finished-at="2022-03-10T16:49:56 EST" duration-ms="55468">
      <class name="E2eDevelopment.HomePage">
        <test-method signature="baseClassNavigation(java.lang.String,java.lang.String)[pri:0, instance:E2eDevelopment.HomePage@a8e6492]" started-at="2022-03-10T16:49:01 EST" name="baseClassNavigation" data-provider="getData" finished-at="2022-03-10T16:49:25 EST" duration-ms="23792" status="PASS">
          <params>
            <param index="0">
              <value>
                <![CDATA[navjosan123@gmail.com]]>
              </value>
            </param>
            <param index="1">
              <value>
                <![CDATA[navjosan123]]>
              </value>
            </param>
          </params>
          <reporter-output>
          </reporter-output>
        </test-method> <!-- baseClassNavigation -->
        <test-method signature="baseClassNavigation(java.lang.String,java.lang.String)[pri:0, instance:E2eDevelopment.HomePage@a8e6492]" started-at="2022-03-10T16:49:25 EST" name="baseClassNavigation" data-provider="getData" finished-at="2022-03-10T16:49:56 EST" duration-ms="31514" status="PASS">
          <params>
            <param index="0">
              <value>
                <![CDATA[avalnoor123@gmail.com]]>
              </value>
            </param>
            <param index="1">
              <value>
                <![CDATA[avalnoorjosan123]]>
              </value>
            </param>
          </params>
          <reporter-output>
          </reporter-output>
        </test-method> <!-- baseClassNavigation -->
        <test-method is-config="true" signature="tearDown()[pri:0, instance:E2eDevelopment.HomePage@a8e6492]" started-at="2022-03-10T16:49:56 EST" name="tearDown" finished-at="2022-03-10T16:49:56 EST" duration-ms="109" status="PASS">
          <reporter-output>
          </reporter-output>
        </test-method> <!-- tearDown -->
      </class> <!-- E2eDevelopment.HomePage -->
    </test> <!-- Test -->
  </suite> <!-- Suite -->
</testng-results>
